This file contains any messages produced by compilers while
running configure, to aid debugging if configure makes a mistake.

It was created by configure, which was
generated by GNU Autoconf 2.59.  Invocation command line was

  $ ./configure 

## --------- ##
## Platform. ##
## --------- ##

hostname = phobosII
uname -m = i686
uname -r = 2.6.20-16-generic
uname -s = Linux
uname -v = #2 SMP Fri Aug 31 00:55:27 UTC 2007

/usr/bin/uname -p = unknown
/bin/uname -X     = unknown

/bin/arch              = i686
/usr/bin/arch -k       = unknown
/usr/convex/getsysinfo = unknown
hostinfo               = unknown
/bin/machine           = unknown
/usr/bin/oslevel       = unknown
/bin/universe          = unknown

PATH: /home/tomik/bin
PATH: /usr/local/sbin
PATH: /usr/local/bin
PATH: /usr/sbin
PATH: /usr/bin
PATH: /sbin
PATH: /bin
PATH: /usr/games
PATH: /home/tomik/bin
PATH: /opt/blackdown-jdk-1.4.2.03/bin/
PATH: /usr/local/bin
PATH: /home/tomik/bin
PATH: /opt/blackdown-jdk-1.4.2.03/bin/


## ----------- ##
## Core tests. ##
## ----------- ##

configure:1305: checking for a BSD-compatible install
configure:1360: result: /usr/bin/install -c
configure:1371: checking whether build environment is sane
configure:1414: result: yes
configure:1479: checking for gawk
configure:1508: result: no
configure:1479: checking for mawk
configure:1495: found /usr/bin/mawk
configure:1505: result: mawk
configure:1515: checking whether make sets $(MAKE)
configure:1535: result: yes
configure:1749: checking for gcc
configure:1765: found /usr/bin/gcc
configure:1775: result: gcc
configure:2019: checking for C compiler version
configure:2022: gcc --version </dev/null >&5
gcc (GCC) 4.1.2 (Ubuntu 4.1.2-0ubuntu4)
Copyright (C) 2006 Free Software Foundation, Inc.
This is free software; see the source for copying conditions.  There is NO
warranty; not even for MERCHANTABILITY or FITNESS FOR A PARTICULAR PURPOSE.

configure:2025: $? = 0
configure:2027: gcc -v </dev/null >&5
Using built-in specs.
Target: i486-linux-gnu
Configured with: ../src/configure -v --enable-languages=c,c++,fortran,objc,obj-c++,treelang --prefix=/usr --enable-shared --with-system-zlib --libexecdir=/usr/lib --without-included-gettext --enable-threads=posix --enable-nls --program-suffix=-4.1 --enable-__cxa_atexit --enable-clocale=gnu --enable-libstdcxx-debug --enable-mpfr --enable-checking=release i486-linux-gnu
Thread model: posix
gcc version 4.1.2 (Ubuntu 4.1.2-0ubuntu4)
configure:2030: $? = 0
configure:2032: gcc -V </dev/null >&5
gcc: '-V' option must have argument
configure:2035: $? = 1
configure:2058: checking for C compiler default output file name
configure:2061: gcc    conftest.c  >&5
configure:2064: $? = 0
configure:2110: result: a.out
configure:2115: checking whether the C compiler works
configure:2121: ./a.out
configure:2124: $? = 0
configure:2141: result: yes
configure:2148: checking whether we are cross compiling
configure:2150: result: no
configure:2153: checking for suffix of executables
configure:2155: gcc -o conftest    conftest.c  >&5
configure:2158: $? = 0
configure:2183: result: 
configure:2189: checking for suffix of object files
configure:2210: gcc -c   conftest.c >&5
configure:2213: $? = 0
configure:2235: result: o
configure:2239: checking whether we are using the GNU C compiler
configure:2263: gcc -c   conftest.c >&5
configure:2269: $? = 0
configure:2273: test -z 
			 || test ! -s conftest.err
configure:2276: $? = 0
configure:2279: test -s conftest.o
configure:2282: $? = 0
configure:2295: result: yes
configure:2301: checking whether gcc accepts -g
configure:2322: gcc -c -g  conftest.c >&5
configure:2328: $? = 0
configure:2332: test -z 
			 || test ! -s conftest.err
configure:2335: $? = 0
configure:2338: test -s conftest.o
configure:2341: $? = 0
configure:2352: result: yes
configure:2369: checking for gcc option to accept ANSI C
configure:2439: gcc  -c -g -O2  conftest.c >&5
configure:2445: $? = 0
configure:2449: test -z 
			 || test ! -s conftest.err
configure:2452: $? = 0
configure:2455: test -s conftest.o
configure:2458: $? = 0
configure:2476: result: none needed
configure:2494: gcc -c -g -O2  conftest.c >&5
conftest.c:2: error: expected '=', ',', ';', 'asm' or '__attribute__' before 'me'
configure:2500: $? = 1
configure: failed program was:
| #ifndef __cplusplus
|   choke me
| #endif
configure:2644: checking for style of include used by make
configure:2672: result: GNU
configure:2700: checking dependency style of gcc
configure:2790: result: gcc3
configure:2859: checking for g++
configure:2875: found /usr/bin/g++
configure:2885: result: g++
configure:2901: checking for C++ compiler version
configure:2904: g++ --version </dev/null >&5
g++ (GCC) 4.1.2 (Ubuntu 4.1.2-0ubuntu4)
Copyright (C) 2006 Free Software Foundation, Inc.
This is free software; see the source for copying conditions.  There is NO
warranty; not even for MERCHANTABILITY or FITNESS FOR A PARTICULAR PURPOSE.

configure:2907: $? = 0
configure:2909: g++ -v </dev/null >&5
Using built-in specs.
Target: i486-linux-gnu
Configured with: ../src/configure -v --enable-languages=c,c++,fortran,objc,obj-c++,treelang --prefix=/usr --enable-shared --with-system-zlib --libexecdir=/usr/lib --without-included-gettext --enable-threads=posix --enable-nls --program-suffix=-4.1 --enable-__cxa_atexit --enable-clocale=gnu --enable-libstdcxx-debug --enable-mpfr --enable-checking=release i486-linux-gnu
Thread model: posix
gcc version 4.1.2 (Ubuntu 4.1.2-0ubuntu4)
configure:2912: $? = 0
configure:2914: g++ -V </dev/null >&5
g++: '-V' option must have argument
configure:2917: $? = 1
configure:2920: checking whether we are using the GNU C++ compiler
configure:2944: g++ -c   conftest.cc >&5
configure:2950: $? = 0
configure:2954: test -z 
			 || test ! -s conftest.err
configure:2957: $? = 0
configure:2960: test -s conftest.o
configure:2963: $? = 0
configure:2976: result: yes
configure:2982: checking whether g++ accepts -g
configure:3003: g++ -c -g  conftest.cc >&5
configure:3009: $? = 0
configure:3013: test -z 
			 || test ! -s conftest.err
configure:3016: $? = 0
configure:3019: test -s conftest.o
configure:3022: $? = 0
configure:3033: result: yes
configure:3075: g++ -c -g -O2  conftest.cc >&5
configure:3081: $? = 0
configure:3085: test -z 
			 || test ! -s conftest.err
configure:3088: $? = 0
configure:3091: test -s conftest.o
configure:3094: $? = 0
configure:3120: g++ -c -g -O2  conftest.cc >&5
conftest.cc: In function 'int main()':
conftest.cc:15: error: 'exit' was not declared in this scope
configure:3126: $? = 1
configure: failed program was:
| /* confdefs.h.  */
| 
| #define PACKAGE_NAME ""
| #define PACKAGE_TARNAME ""
| #define PACKAGE_VERSION ""
| #define PACKAGE_STRING ""
| #define PACKAGE_BUGREPORT ""
| #define PACKAGE "tga"
| #define VERSION "1.0"
| /* end confdefs.h.  */
| 
| int
| main ()
| {
| exit (42);
|   ;
|   return 0;
| }
configure:3075: g++ -c -g -O2  conftest.cc >&5
configure:3081: $? = 0
configure:3085: test -z 
			 || test ! -s conftest.err
configure:3088: $? = 0
configure:3091: test -s conftest.o
configure:3094: $? = 0
configure:3120: g++ -c -g -O2  conftest.cc >&5
configure:3126: $? = 0
configure:3130: test -z 
			 || test ! -s conftest.err
configure:3133: $? = 0
configure:3136: test -s conftest.o
configure:3139: $? = 0
configure:3164: checking dependency style of g++
configure:3254: result: gcc3
configure:3284: checking for a BSD-compatible install
configure:3339: result: /usr/bin/install -c
configure:3498: creating ./config.status

## ---------------------- ##
## Running config.status. ##
## ---------------------- ##

This file was extended by config.status, which was
generated by GNU Autoconf 2.59.  Invocation command line was

  CONFIG_FILES    = 
  CONFIG_HEADERS  = 
  CONFIG_LINKS    = 
  CONFIG_COMMANDS = 
  $ ./config.status 

on phobosII

config.status:686: creating Makefile
config.status:686: creating src/Makefile
config.status:869: executing depfiles commands

## ---------------- ##
## Cache variables. ##
## ---------------- ##

ac_cv_c_compiler_gnu=yes
ac_cv_cxx_compiler_gnu=yes
ac_cv_env_CC_set=
ac_cv_env_CC_value=
ac_cv_env_CFLAGS_set=
ac_cv_env_CFLAGS_value=
ac_cv_env_CPPFLAGS_set=
ac_cv_env_CPPFLAGS_value=
ac_cv_env_CXXFLAGS_set=
ac_cv_env_CXXFLAGS_value=
ac_cv_env_CXX_set=
ac_cv_env_CXX_value=
ac_cv_env_LDFLAGS_set=
ac_cv_env_LDFLAGS_value=
ac_cv_env_build_alias_set=
ac_cv_env_build_alias_value=
ac_cv_env_host_alias_set=
ac_cv_env_host_alias_value=
ac_cv_env_target_alias_set=
ac_cv_env_target_alias_value=
ac_cv_exeext=
ac_cv_objext=o
ac_cv_path_install='/usr/bin/install -c'
ac_cv_prog_AWK=mawk
ac_cv_prog_ac_ct_CC=gcc
ac_cv_prog_ac_ct_CXX=g++
ac_cv_prog_cc_g=yes
ac_cv_prog_cc_stdc=
ac_cv_prog_cxx_g=yes
ac_cv_prog_make_make_set=yes
am_cv_CC_dependencies_compiler_type=gcc3
am_cv_CXX_dependencies_compiler_type=gcc3

## ----------------- ##
## Output variables. ##
## ----------------- ##

ACLOCAL='${SHELL} /home/tomik/src/tga-1.0/missing --run aclocal-1.9'
AMDEPBACKSLASH='\'
AMDEP_FALSE='#'
AMDEP_TRUE=''
AMTAR='${SHELL} /home/tomik/src/tga-1.0/missing --run tar'
AUTOCONF='${SHELL} /home/tomik/src/tga-1.0/missing --run autoconf'
AUTOHEADER='${SHELL} /home/tomik/src/tga-1.0/missing --run autoheader'
AUTOMAKE='${SHELL} /home/tomik/src/tga-1.0/missing --run automake-1.9'
AWK='mawk'
CC='gcc'
CCDEPMODE='depmode=gcc3'
CFLAGS='-g -O2'
CPPFLAGS=''
CXX='g++'
CXXDEPMODE='depmode=gcc3'
CXXFLAGS='-g -O2'
CYGPATH_W='echo'
DEFS='-DPACKAGE_NAME=\"\" -DPACKAGE_TARNAME=\"\" -DPACKAGE_VERSION=\"\" -DPACKAGE_STRING=\"\" -DPACKAGE_BUGREPORT=\"\" -DPACKAGE=\"tga\" -DVERSION=\"1.0\" '
DEPDIR='.deps'
ECHO_C=''
ECHO_N='-n'
ECHO_T=''
EXEEXT=''
INSTALL_DATA='${INSTALL} -m 644'
INSTALL_PROGRAM='${INSTALL}'
INSTALL_SCRIPT='${INSTALL}'
INSTALL_STRIP_PROGRAM='${SHELL} $(install_sh) -c -s'
LDFLAGS=''
LIBOBJS=''
LIBS=''
LTLIBOBJS=''
MAKEINFO='${SHELL} /home/tomik/src/tga-1.0/missing --run makeinfo'
OBJEXT='o'
PACKAGE='tga'
PACKAGE_BUGREPORT=''
PACKAGE_NAME=''
PACKAGE_STRING=''
PACKAGE_TARNAME=''
PACKAGE_VERSION=''
PATH_SEPARATOR=':'
SET_MAKE=''
SHELL='/bin/bash'
STRIP=''
VERSION='1.0'
ac_ct_CC='gcc'
ac_ct_CXX='g++'
ac_ct_STRIP=''
am__fastdepCC_FALSE='#'
am__fastdepCC_TRUE=''
am__fastdepCXX_FALSE='#'
am__fastdepCXX_TRUE=''
am__include='include'
am__leading_dot='.'
am__quote=''
am__tar='${AMTAR} chof - "$$tardir"'
am__untar='${AMTAR} xf -'
bindir='${exec_prefix}/bin'
build_alias=''
datadir='${prefix}/share'
exec_prefix='${prefix}'
host_alias=''
includedir='${prefix}/include'
infodir='${prefix}/info'
install_sh='/home/tomik/src/tga-1.0/install-sh'
libdir='${exec_prefix}/lib'
libexecdir='${exec_prefix}/libexec'
localstatedir='${prefix}/var'
mandir='${prefix}/man'
mkdir_p='mkdir -p --'
oldincludedir='/usr/include'
prefix='/usr/local'
program_transform_name='s,x,x,'
sbindir='${exec_prefix}/sbin'
sharedstatedir='${prefix}/com'
sysconfdir='${prefix}/etc'
target_alias=''

## ----------- ##
## confdefs.h. ##
## ----------- ##

#define PACKAGE "tga"
#define PACKAGE_BUGREPORT ""
#define PACKAGE_NAME ""
#define PACKAGE_STRING ""
#define PACKAGE_TARNAME ""
#define PACKAGE_VERSION ""
#define VERSION "1.0"
#endif
#ifdef __cplusplus
extern "C" void std::exit (int) throw (); using std::exit;

configure: exit 0
